mar 08, 2013 8:12:46 PM org.apache.catalina.core.AprLifecycleListener init
INFORMACIÓN: La biblioteca nativa de Apache Tomcat basada en ARP que permite un rendimiento óptimo en entornos de desarrollo no ha sido hallada en java.library.path: /opt/IBM/DS3.2.0/jdk/jre/lib/i386/default:/opt/IBM/DS3.2.0/jdk/jre/lib/i386:/usr/lib
mar 08, 2013 8:12:48 PM org.apache.coyote.AbstractProtocol init
INFORMACIÓN: Initializing ProtocolHandler ["http-bio-8080"]
mar 08, 2013 8:12:48 PM org.apache.coyote.AbstractProtocol init
INFORMACIÓN: Initializing ProtocolHandler ["ajp-bio-8009"]
mar 08, 2013 8:12:48 PM org.apache.catalina.startup.Catalina load
INFORMACIÓN: Initialization processed in 3310 ms
mar 08, 2013 8:12:48 PM org.apache.catalina.core.StandardService startInternal
INFORMACIÓN: Arrancando servicio Catalina
mar 08, 2013 8:12:48 PM org.apache.catalina.core.StandardEngine startInternal
INFORMACIÓN: Starting Servlet Engine: Apache Tomcat/7.0.35
mar 08, 2013 8:12:48 PM org.apache.catalina.startup.HostConfig deployDirectory
INFORMACIÓN: Despliegue del directorio /home/ubuntu/dev/apache-tomcat-7.0.35/webapps/docs de la aplicación web
mar 08, 2013 8:12:49 PM org.apache.catalina.startup.HostConfig deployDirectory
INFORMACIÓN: Despliegue del directorio /home/ubuntu/dev/apache-tomcat-7.0.35/webapps/ROOT de la aplicación web
mar 08, 2013 8:12:50 PM org.apache.catalina.startup.HostConfig deployDirectory
INFORMACIÓN: Despliegue del directorio /home/ubuntu/dev/apache-tomcat-7.0.35/webapps/examples de la aplicación web
mar 08, 2013 8:12:51 PM org.apache.catalina.startup.HostConfig deployDirectory
INFORMACIÓN: Despliegue del directorio /home/ubuntu/dev/apache-tomcat-7.0.35/webapps/host-manager de la aplicación web
mar 08, 2013 8:12:51 PM org.apache.catalina.startup.HostConfig deployDirectory
INFORMACIÓN: Despliegue del directorio /home/ubuntu/dev/apache-tomcat-7.0.35/webapps/manager de la aplicación web
mar 08, 2013 8:12:52 PM org.apache.coyote.AbstractProtocol start
INFORMACIÓN: Starting ProtocolHandler ["http-bio-8080"]
mar 08, 2013 8:12:52 PM org.apache.coyote.AbstractProtocol start
INFORMACIÓN: Starting ProtocolHandler ["ajp-bio-8009"]
mar 08, 2013 8:12:52 PM org.apache.catalina.startup.Catalina start
INFORMACIÓN: Server startup in 4142 ms
mar 08, 2013 8:13:15 PM org.apache.catalina.core.StandardServer await
INFORMACIÓN: Se ha recibido un comando de apagado a través del puerto de apagado. Parando la instancia del Servidor.
mar 08, 2013 8:13:15 PM org.apache.coyote.AbstractProtocol pause
INFORMACIÓN: Pausing ProtocolHandler ["http-bio-8080"]
mar 08, 2013 8:13:15 PM org.apache.coyote.AbstractProtocol pause
INFORMACIÓN: Pausing ProtocolHandler ["ajp-bio-8009"]
mar 08, 2013 8:13:15 PM org.apache.catalina.core.StandardService stopInternal
INFORMACIÓN: Parando servicio Catalina
mar 08, 2013 8:13:15 PM org.apache.coyote.AbstractProtocol stop
INFORMACIÓN: Stopping ProtocolHandler ["http-bio-8080"]
mar 08, 2013 8:13:15 PM org.apache.coyote.AbstractProtocol stop
INFORMACIÓN: Stopping ProtocolHandler ["ajp-bio-8009"]
mar 08, 2013 8:13:15 PM org.apache.coyote.AbstractProtocol destroy
INFORMACIÓN: Destroying ProtocolHandler ["http-bio-8080"]
mar 08, 2013 8:13:15 PM org.apache.coyote.AbstractProtocol destroy
INFORMACIÓN: Destroying ProtocolHandler ["ajp-bio-8009"]
