may 07, 2013 2:52:53 PM org.apache.catalina.core.ApplicationContext log
INFORMACIÓN: ContextListener: contextInitialized()
may 07, 2013 2:52:53 PM org.apache.catalina.core.ApplicationContext log
INFORMACIÓN: SessionListener: contextInitialized()
may 07, 2013 2:52:53 PM org.apache.catalina.core.ApplicationContext log
INFORMACIÓN: ContextListener: attributeAdded('org.apache.jasper.compiler.TldLocationsCache', 'org.apache.jasper.compiler.TldLocationsCache@10a4ab6')
may 07, 2013 2:54:51 PM org.apache.catalina.core.ApplicationContext log
INFORMACIÓN: SessionListener: contextDestroyed()
may 07, 2013 2:54:51 PM org.apache.catalina.core.ApplicationContext log
INFORMACIÓN: ContextListener: contextDestroyed()
may 07, 2013 2:55:17 PM org.apache.catalina.core.ApplicationContext log
INFORMACIÓN: ContextListener: contextInitialized()
may 07, 2013 2:55:17 PM org.apache.catalina.core.ApplicationContext log
INFORMACIÓN: SessionListener: contextInitialized()
may 07, 2013 2:55:17 PM org.apache.catalina.core.ApplicationContext log
INFORMACIÓN: ContextListener: attributeAdded('org.apache.jasper.compiler.TldLocationsCache', 'org.apache.jasper.compiler.TldLocationsCache@4e70d0b1')
may 07, 2013 3:17:22 PM org.apache.catalina.core.StandardWrapperValve invoke
GRAVE: El Servlet.service() para el servlet [jsp] en el contexto con ruta [/pepe] lanzó la excepción [/index.jsp (línea: 1, columna: 4) Tag &lt;%= no terminado] con causa raíz
org.apache.jasper.JasperException: /index.jsp (línea: 1, columna: 4) Tag &lt;%= no terminado
	at org.apache.jasper.compiler.DefaultErrorHandler.jspError(DefaultErrorHandler.java:42)
	at org.apache.jasper.compiler.ErrorDispatcher.dispatch(ErrorDispatcher.java:408)
	at org.apache.jasper.compiler.ErrorDispatcher.jspError(ErrorDispatcher.java:133)
	at org.apache.jasper.compiler.Parser.parseExpression(Parser.java:686)
	at org.apache.jasper.compiler.Parser.parseElements(Parser.java:1435)
	at org.apache.jasper.compiler.Parser.parse(Parser.java:138)
	at org.apache.jasper.compiler.ParserController.doParse(ParserController.java:242)
	at org.apache.jasper.compiler.ParserController.parse(ParserController.java:102)
	at org.apache.jasper.compiler.Compiler.generateJava(Compiler.java:198)
	at org.apache.jasper.compiler.Compiler.compile(Compiler.java:373)
	at org.apache.jasper.compiler.Compiler.compile(Compiler.java:353)
	at org.apache.jasper.compiler.Compiler.compile(Compiler.java:340)
	at org.apache.jasper.JspCompilationContext.compile(JspCompilationContext.java:646)
	at org.apache.jasper.servlet.JspServletWrapper.service(JspServletWrapper.java:357)
	at org.apache.jasper.servlet.JspServlet.serviceJspFile(JspServlet.java:390)
	at org.apache.jasper.servlet.JspServlet.service(JspServlet.java:334)
	at javax.servlet.http.HttpServlet.service(HttpServlet.java:728)
	at org.apache.catalina.core.ApplicationFilterChain.internalDoFilter(ApplicationFilterChain.java:305)
	at org.apache.catalina.core.ApplicationFilterChain.doFilter(ApplicationFilterChain.java:210)
	at org.apache.catalina.core.StandardWrapperValve.invoke(StandardWrapperValve.java:222)
	at org.apache.catalina.core.StandardContextValve.invoke(StandardContextValve.java:123)
	at org.apache.catalina.authenticator.AuthenticatorBase.invoke(AuthenticatorBase.java:472)
	at org.apache.catalina.core.StandardHostValve.invoke(StandardHostValve.java:171)
	at org.apache.catalina.valves.ErrorReportValve.invoke(ErrorReportValve.java:99)
	at org.apache.catalina.valves.AccessLogValve.invoke(AccessLogValve.java:936)
	at org.apache.catalina.core.StandardEngineValve.invoke(StandardEngineValve.java:118)
	at org.apache.catalina.connector.CoyoteAdapter.service(CoyoteAdapter.java:407)
	at org.apache.coyote.http11.AbstractHttp11Processor.process(AbstractHttp11Processor.java:1004)
	at org.apache.coyote.AbstractProtocol$AbstractConnectionHandler.process(AbstractProtocol.java:589)
	at org.apache.tomcat.util.net.JIoEndpoint$SocketProcessor.run(JIoEndpoint.java:310)
	at java.util.concurrent.ThreadPoolExecutor.runWorker(ThreadPoolExecutor.java:1121)
	at java.util.concurrent.ThreadPoolExecutor$Worker.run(ThreadPoolExecutor.java:614)
	at java.lang.Thread.run(Thread.java:779)

may 07, 2013 3:21:21 PM org.apache.catalina.core.ApplicationContext log
INFORMACIÓN: SessionListener: contextDestroyed()
may 07, 2013 3:21:21 PM org.apache.catalina.core.ApplicationContext log
INFORMACIÓN: ContextListener: contextDestroyed()
